<?xml version="1.0" encoding="UTF-8"?>
<!-- Generated by org.testng.reporters.JUnitReportReporter -->
<testsuite hostname="LAPTOP-PPEER480" failures="0" tests="1" name="com.mercury.tours.sample.SampleScript" time="6.170" errors="0" timestamp="2023-09-21T18:24:04 EDT" skipped="0">
  <testcase classname="com.mercury.tours.sample.SampleScript" name="setUp" time="6.170"/>
  <system-out/>
</testsuite> <!-- com.mercury.tours.sample.SampleScript -->
