<?xml version="1.0" encoding="UTF-8"?>
<!-- Generated by org.testng.reporters.JUnitReportReporter -->
<testsuite hostname="LAPTOP-PPEER480" failures="0" tests="1" name="com.mercury.tours.sample.MercuryToursFlightBooking" time="18.853" errors="0" timestamp="2023-09-08T13:28:06 EDT" skipped="0">
  <testcase classname="com.mercury.tours.sample.MercuryToursFlightBooking" name="userRegisterTest" time="18.853"/>
  <system-out/>
</testsuite> <!-- com.mercury.tours.sample.MercuryToursFlightBooking -->
