<?xml version="1.0" encoding="UTF-8"?>
<!-- Generated by org.testng.reporters.JUnitReportReporter -->
<testsuite hostname="LAPTOP-PPEER480" failures="0" tests="1" name="com.swag.labs.sample.SampleScript" time="40.235" errors="0" timestamp="2023-10-02T13:06:45 EDT" skipped="0">
  <testcase classname="com.swag.labs.sample.SampleScript" name="setUp" time="40.235"/>
  <system-out/>
</testsuite> <!-- com.swag.labs.sample.SampleScript -->
