<?xml version="1.0" encoding="UTF-8"?>
<!-- Generated by org.testng.reporters.JUnitReportReporter -->
<testsuite hostname="LAPTOP-PPEER480" failures="0" tests="1" name="com.swag.labs.regression.suite.SwagLabsRegressionSuite" time="9.597" errors="0" timestamp="2023-10-09T15:49:03 EDT" skipped="0">
  <testcase classname="com.swag.labs.regression.suite.SwagLabsRegressionSuite" name="swagLabsLoginPageValidation" time="9.597"/>
  <system-out/>
</testsuite> <!-- com.swag.labs.regression.suite.SwagLabsRegressionSuite -->
