<?xml version="1.0" encoding="UTF-8"?>
<!-- Generated by org.testng.reporters.JUnitReportReporter -->
<testsuite hostname="LAPTOP-PPEER480" failures="0" tests="1" name="com.swag.labs.sample.MercuryToursFlightBooking" time="18.670" errors="0" timestamp="2023-09-28T23:01:17 EDT" skipped="0">
  <testcase classname="com.swag.labs.sample.MercuryToursFlightBooking" name="userRegisterTest" time="18.670"/>
  <system-out/>
</testsuite> <!-- com.swag.labs.sample.MercuryToursFlightBooking -->
