<?xml version="1.0" encoding="UTF-8"?>
<!-- Generated by org.testng.reporters.JUnitReportReporter -->
<testsuite hostname="LAPTOP-PPEER480" failures="0" tests="1" name="com.mercury.tours.regression.suite.MercuryToursRegressionSuite" time="28.248" errors="0" timestamp="2023-09-08T16:10:16 EDT" skipped="0">
  <testcase classname="com.mercury.tours.regression.suite.MercuryToursRegressionSuite" name="mercuryToursRegisterPageValidation" time="28.248"/>
  <system-out/>
</testsuite> <!-- com.mercury.tours.regression.suite.MercuryToursRegressionSuite -->
